<?xml version="1.0" encoding="UTF-8"?>
<testsuite xmlns:xsi="http://www.w3.org/2001/XMLSchema-instance" xsi:noNamespaceSchemaLocation="https://maven.apache.org/surefire/maven-surefire-plugin/xsd/surefire-test-report-3.0.xsd" version="3.0" name="com.codevision.codevisionbackend.project.ProjectSnapshotServiceTest" time="1.51" tests="5" errors="0" skipped="0" failures="0">
  <properties>
    <property name="java.specification.version" value="23"/>
    <property name="sun.jnu.encoding" value="UTF-8"/>
    <property name="java.class.path" value="/Users/dhanujgumpella/jaswingumpella/repos/codevision/backend/api/target/test-classes:/Users/dhanujgumpella/jaswingumpella/repos/codevision/backend/api/target/classes:/Users/dhanujgumpella/jaswingumpella/repos/codevision/backend/oasgen/target/codevision-oasgen-0.0.1-SNAPSHOT.jar:/Users/dhanujgumpella/.m2/repository/io/swagger/core/v3/swagger-annotations/2.2.21/swagger-annotations-2.2.21.jar:/Users/dhanujgumpella/.m2/repository/org/openapitools/jackson-databind-nullable/0.2.6/jackson-databind-nullable-0.2.6.jar:/Users/dhanujgumpella/.m2/repository/jakarta/validation/jakarta.validation-api/3.0.2/jakarta.validation-api-3.0.2.jar:/Users/dhanujgumpella/.m2/repository/jakarta/annotation/jakarta.annotation-api/2.1.1/jakarta.annotation-api-2.1.1.jar:/Users/dhanujgumpella/.m2/repository/org/springframework/boot/spring-boot-starter-web/3.2.5/spring-boot-starter-web-3.2.5.jar:/Users/dhanujgumpella/.m2/repository/org/springframework/boot/spring-boot-starter/3.2.5/spring-boot-starter-3.2.5.jar:/Users/dhanujgumpella/.m2/repository/org/springframework/boot/spring-boot/3.2.5/spring-boot-3.2.5.jar:/Users/dhanujgumpella/.m2/repository/org/springframework/boot/spring-boot-autoconfigure/3.2.5/spring-boot-autoconfigure-3.2.5.jar:/Users/dhanujgumpella/.m2/repository/org/springframework/boot/spring-boot-starter-logging/3.2.5/spring-boot-starter-logging-3.2.5.jar:/Users/dhanujgumpella/.m2/repository/ch/qos/logback/logback-classic/1.4.14/logback-classic-1.4.14.jar:/Users/dhanujgumpella/.m2/repository/ch/qos/logback/logback-core/1.4.14/logback-core-1.4.14.jar:/Users/dhanujgumpella/.m2/repository/org/apache/logging/log4j/log4j-to-slf4j/2.21.1/log4j-to-slf4j-2.21.1.jar:/Users/dhanujgumpella/.m2/repository/org/apache/logging/log4j/log4j-api/2.21.1/log4j-api-2.21.1.jar:/Users/dhanujgumpella/.m2/repository/org/slf4j/jul-to-slf4j/2.0.13/jul-to-slf4j-2.0.13.jar:/Users/dhanujgumpella/.m2/repository/org/springframework/boot/spring-boot-starter-json/3.2.5/spring-boot-starter-json-3.2.5.jar:/Users/dhanujgumpella/.m2/repository/com/fasterxml/jackson/datatype/jackson-datatype-jdk8/2.15.4/jackson-datatype-jdk8-2.15.4.jar:/Users/dhanujgumpella/.m2/repository/com/fasterxml/jackson/datatype/jackson-datatype-jsr310/2.15.4/jackson-datatype-jsr310-2.15.4.jar:/Users/dhanujgumpella/.m2/repository/com/fasterxml/jackson/module/jackson-module-parameter-names/2.15.4/jackson-module-parameter-names-2.15.4.jar:/Users/dhanujgumpella/.m2/repository/org/springframework/boot/spring-boot-starter-tomcat/3.2.5/spring-boot-starter-tomcat-3.2.5.jar:/Users/dhanujgumpella/.m2/repository/org/apache/tomcat/embed/tomcat-embed-core/10.1.20/tomcat-embed-core-10.1.20.jar:/Users/dhanujgumpella/.m2/repository/org/apache/tomcat/embed/tomcat-embed-websocket/10.1.20/tomcat-embed-websocket-10.1.20.jar:/Users/dhanujgumpella/.m2/repository/org/springframework/spring-web/6.1.6/spring-web-6.1.6.jar:/Users/dhanujgumpella/.m2/repository/org/springframework/spring-beans/6.1.6/spring-beans-6.1.6.jar:/Users/dhanujgumpella/.m2/repository/io/micrometer/micrometer-observation/1.12.5/micrometer-observation-1.12.5.jar:/Users/dhanujgumpella/.m2/repository/io/micrometer/micrometer-commons/1.12.5/micrometer-commons-1.12.5.jar:/Users/dhanujgumpella/.m2/repository/org/springframework/spring-webmvc/6.1.6/spring-webmvc-6.1.6.jar:/Users/dhanujgumpella/.m2/repository/org/springframework/spring-aop/6.1.6/spring-aop-6.1.6.jar:/Users/dhanujgumpella/.m2/repository/org/springframework/spring-context/6.1.6/spring-context-6.1.6.jar:/Users/dhanujgumpella/.m2/repository/org/springframework/spring-expression/6.1.6/spring-expression-6.1.6.jar:/Users/dhanujgumpella/.m2/repository/org/springframework/boot/spring-boot-starter-data-jpa/3.2.5/spring-boot-starter-data-jpa-3.2.5.jar:/Users/dhanujgumpella/.m2/repository/org/springframework/boot/spring-boot-starter-aop/3.2.5/spring-boot-starter-aop-3.2.5.jar:/Users/dhanujgumpella/.m2/repository/org/aspectj/aspectjweaver/1.9.22/aspectjweaver-1.9.22.jar:/Users/dhanujgumpella/.m2/repository/org/springframework/boot/spring-boot-starter-jdbc/3.2.5/spring-boot-starter-jdbc-3.2.5.jar:/Users/dhanujgumpella/.m2/repository/com/zaxxer/HikariCP/5.0.1/HikariCP-5.0.1.jar:/Users/dhanujgumpella/.m2/repository/org/springframework/spring-jdbc/6.1.6/spring-jdbc-6.1.6.jar:/Users/dhanujgumpella/.m2/repository/org/hibernate/orm/hibernate-core/6.4.4.Final/hibernate-core-6.4.4.Final.jar:/Users/dhanujgumpella/.m2/repository/jakarta/persistence/jakarta.persistence-api/3.1.0/jakarta.persistence-api-3.1.0.jar:/Users/dhanujgumpella/.m2/repository/jakarta/transaction/jakarta.transaction-api/2.0.1/jakarta.transaction-api-2.0.1.jar:/Users/dhanujgumpella/.m2/repository/org/jboss/logging/jboss-logging/3.5.3.Final/jboss-logging-3.5.3.Final.jar:/Users/dhanujgumpella/.m2/repository/org/hibernate/common/hibernate-commons-annotations/6.0.6.Final/hibernate-commons-annotations-6.0.6.Final.jar:/Users/dhanujgumpella/.m2/repository/io/smallrye/jandex/3.1.2/jandex-3.1.2.jar:/Users/dhanujgumpella/.m2/repository/com/fasterxml/classmate/1.6.0/classmate-1.6.0.jar:/Users/dhanujgumpella/.m2/repository/net/bytebuddy/byte-buddy/1.14.13/byte-buddy-1.14.13.jar:/Users/dhanujgumpella/.m2/repository/org/glassfish/jaxb/jaxb-runtime/4.0.5/jaxb-runtime-4.0.5.jar:/Users/dhanujgumpella/.m2/repository/org/glassfish/jaxb/jaxb-core/4.0.5/jaxb-core-4.0.5.jar:/Users/dhanujgumpella/.m2/repository/org/eclipse/angus/angus-activation/2.0.2/angus-activation-2.0.2.jar:/Users/dhanujgumpella/.m2/repository/org/glassfish/jaxb/txw2/4.0.5/txw2-4.0.5.jar:/Users/dhanujgumpella/.m2/repository/com/sun/istack/istack-commons-runtime/4.1.2/istack-commons-runtime-4.1.2.jar:/Users/dhanujgumpella/.m2/repository/jakarta/inject/jakarta.inject-api/2.0.1/jakarta.inject-api-2.0.1.jar:/Users/dhanujgumpella/.m2/repository/org/antlr/antlr4-runtime/4.13.0/antlr4-runtime-4.13.0.jar:/Users/dhanujgumpella/.m2/repository/org/springframework/data/spring-data-jpa/3.2.5/spring-data-jpa-3.2.5.jar:/Users/dhanujgumpella/.m2/repository/org/springframework/data/spring-data-commons/3.2.5/spring-data-commons-3.2.5.jar:/Users/dhanujgumpella/.m2/repository/org/springframework/spring-orm/6.1.6/spring-orm-6.1.6.jar:/Users/dhanujgumpella/.m2/repository/org/springframework/spring-tx/6.1.6/spring-tx-6.1.6.jar:/Users/dhanujgumpella/.m2/repository/org/springframework/spring-aspects/6.1.6/spring-aspects-6.1.6.jar:/Users/dhanujgumpella/.m2/repository/org/springframework/boot/spring-boot-starter-validation/3.2.5/spring-boot-starter-validation-3.2.5.jar:/Users/dhanujgumpella/.m2/repository/org/apache/tomcat/embed/tomcat-embed-el/10.1.20/tomcat-embed-el-10.1.20.jar:/Users/dhanujgumpella/.m2/repository/org/hibernate/validator/hibernate-validator/8.0.1.Final/hibernate-validator-8.0.1.Final.jar:/Users/dhanujgumpella/.m2/repository/com/h2database/h2/2.2.224/h2-2.2.224.jar:/Users/dhanujgumpella/.m2/repository/org/eclipse/jgit/org.eclipse.jgit/6.8.0.202311291450-r/org.eclipse.jgit-6.8.0.202311291450-r.jar:/Users/dhanujgumpella/.m2/repository/com/googlecode/javaewah/JavaEWAH/1.2.3/JavaEWAH-1.2.3.jar:/Users/dhanujgumpella/.m2/repository/org/slf4j/slf4j-api/2.0.13/slf4j-api-2.0.13.jar:/Users/dhanujgumpella/.m2/repository/commons-codec/commons-codec/1.16.1/commons-codec-1.16.1.jar:/Users/dhanujgumpella/.m2/repository/com/github/javaparser/javaparser-symbol-solver-core/3.25.10/javaparser-symbol-solver-core-3.25.10.jar:/Users/dhanujgumpella/.m2/repository/com/github/javaparser/javaparser-core/3.25.10/javaparser-core-3.25.10.jar:/Users/dhanujgumpella/.m2/repository/org/javassist/javassist/3.30.2-GA/javassist-3.30.2-GA.jar:/Users/dhanujgumpella/.m2/repository/com/google/guava/guava/33.1.0-jre/guava-33.1.0-jre.jar:/Users/dhanujgumpella/.m2/repository/com/google/guava/failureaccess/1.0.2/failureaccess-1.0.2.jar:/Users/dhanujgumpella/.m2/repository/com/google/guava/listenablefuture/9999.0-empty-to-avoid-conflict-with-guava/listenablefuture-9999.0-empty-to-avoid-conflict-with-guava.jar:/Users/dhanujgumpella/.m2/repository/com/google/code/findbugs/jsr305/3.0.2/jsr305-3.0.2.jar:/Users/dhanujgumpella/.m2/repository/org/checkerframework/checker-qual/3.42.0/checker-qual-3.42.0.jar:/Users/dhanujgumpella/.m2/repository/com/google/errorprone/error_prone_annotations/2.26.1/error_prone_annotations-2.26.1.jar:/Users/dhanujgumpella/.m2/repository/com/google/j2objc/j2objc-annotations/3.0.0/j2objc-annotations-3.0.0.jar:/Users/dhanujgumpella/.m2/repository/org/apache/maven/maven-model/3.9.6/maven-model-3.9.6.jar:/Users/dhanujgumpella/.m2/repository/org/codehaus/plexus/plexus-utils/3.5.1/plexus-utils-3.5.1.jar:/Users/dhanujgumpella/.m2/repository/com/fasterxml/jackson/dataformat/jackson-dataformat-yaml/2.15.4/jackson-dataformat-yaml-2.15.4.jar:/Users/dhanujgumpella/.m2/repository/com/fasterxml/jackson/core/jackson-databind/2.15.4/jackson-databind-2.15.4.jar:/Users/dhanujgumpella/.m2/repository/com/fasterxml/jackson/core/jackson-annotations/2.15.4/jackson-annotations-2.15.4.jar:/Users/dhanujgumpella/.m2/repository/org/yaml/snakeyaml/2.2/snakeyaml-2.2.jar:/Users/dhanujgumpella/.m2/repository/com/fasterxml/jackson/core/jackson-core/2.15.4/jackson-core-2.15.4.jar:/Users/dhanujgumpella/.m2/repository/xmlpull/xmlpull/1.1.3.1/xmlpull-1.1.3.1.jar:/Users/dhanujgumpella/.m2/repository/org/projectlombok/lombok/1.18.32/lombok-1.18.32.jar:/Users/dhanujgumpella/.m2/repository/org/springframework/boot/spring-boot-starter-test/3.2.5/spring-boot-starter-test-3.2.5.jar:/Users/dhanujgumpella/.m2/repository/org/springframework/boot/spring-boot-test/3.2.5/spring-boot-test-3.2.5.jar:/Users/dhanujgumpella/.m2/repository/org/springframework/boot/spring-boot-test-autoconfigure/3.2.5/spring-boot-test-autoconfigure-3.2.5.jar:/Users/dhanujgumpella/.m2/repository/com/jayway/jsonpath/json-path/2.9.0/json-path-2.9.0.jar:/Users/dhanujgumpella/.m2/repository/jakarta/xml/bind/jakarta.xml.bind-api/4.0.2/jakarta.xml.bind-api-4.0.2.jar:/Users/dhanujgumpella/.m2/repository/jakarta/activation/jakarta.activation-api/2.1.3/jakarta.activation-api-2.1.3.jar:/Users/dhanujgumpella/.m2/repository/net/minidev/json-smart/2.5.1/json-smart-2.5.1.jar:/Users/dhanujgumpella/.m2/repository/net/minidev/accessors-smart/2.5.1/accessors-smart-2.5.1.jar:/Users/dhanujgumpella/.m2/repository/org/ow2/asm/asm/9.6/asm-9.6.jar:/Users/dhanujgumpella/.m2/repository/org/assertj/assertj-core/3.24.2/assertj-core-3.24.2.jar:/Users/dhanujgumpella/.m2/repository/org/awaitility/awaitility/4.2.1/awaitility-4.2.1.jar:/Users/dhanujgumpella/.m2/repository/org/hamcrest/hamcrest/2.2/hamcrest-2.2.jar:/Users/dhanujgumpella/.m2/repository/org/junit/jupiter/junit-jupiter/5.10.2/junit-jupiter-5.10.2.jar:/Users/dhanujgumpella/.m2/repository/org/junit/jupiter/junit-jupiter-api/5.10.2/junit-jupiter-api-5.10.2.jar:/Users/dhanujgumpella/.m2/repository/org/opentest4j/opentest4j/1.3.0/opentest4j-1.3.0.jar:/Users/dhanujgumpella/.m2/repository/org/junit/platform/junit-platform-commons/1.10.2/junit-platform-commons-1.10.2.jar:/Users/dhanujgumpella/.m2/repository/org/apiguardian/apiguardian-api/1.1.2/apiguardian-api-1.1.2.jar:/Users/dhanujgumpella/.m2/repository/org/junit/jupiter/junit-jupiter-params/5.10.2/junit-jupiter-params-5.10.2.jar:/Users/dhanujgumpella/.m2/repository/org/junit/jupiter/junit-jupiter-engine/5.10.2/junit-jupiter-engine-5.10.2.jar:/Users/dhanujgumpella/.m2/repository/org/junit/platform/junit-platform-engine/1.10.2/junit-platform-engine-1.10.2.jar:/Users/dhanujgumpella/.m2/repository/org/mockito/mockito-core/5.7.0/mockito-core-5.7.0.jar:/Users/dhanujgumpella/.m2/repository/net/bytebuddy/byte-buddy-agent/1.14.13/byte-buddy-agent-1.14.13.jar:/Users/dhanujgumpella/.m2/repository/org/objenesis/objenesis/3.3/objenesis-3.3.jar:/Users/dhanujgumpella/.m2/repository/org/mockito/mockito-junit-jupiter/5.7.0/mockito-junit-jupiter-5.7.0.jar:/Users/dhanujgumpella/.m2/repository/org/skyscreamer/jsonassert/1.5.1/jsonassert-1.5.1.jar:/Users/dhanujgumpella/.m2/repository/com/vaadin/external/google/android-json/0.0.20131108.vaadin1/android-json-0.0.20131108.vaadin1.jar:/Users/dhanujgumpella/.m2/repository/org/springframework/spring-core/6.1.6/spring-core-6.1.6.jar:/Users/dhanujgumpella/.m2/repository/org/springframework/spring-jcl/6.1.6/spring-jcl-6.1.6.jar:/Users/dhanujgumpella/.m2/repository/org/springframework/spring-test/6.1.6/spring-test-6.1.6.jar:/Users/dhanujgumpella/.m2/repository/org/xmlunit/xmlunit-core/2.9.1/xmlunit-core-2.9.1.jar:"/>
    <property name="java.vm.vendor" value="Homebrew"/>
    <property name="sun.arch.data.model" value="64"/>
    <property name="java.vendor.url" value="https://github.com/Homebrew/homebrew-core/issues"/>
    <property name="user.timezone" value="America/New_York"/>
    <property name="org.jboss.logging.provider" value="slf4j"/>
    <property name="os.name" value="Mac OS X"/>
    <property name="java.vm.specification.version" value="23"/>
    <property name="sun.java.launcher" value="SUN_STANDARD"/>
    <property name="user.country" value="US"/>
    <property name="sun.boot.library.path" value="/opt/homebrew/Cellar/openjdk/23.0.2/libexec/openjdk.jdk/Contents/Home/lib"/>
    <property name="sun.java.command" value="/Users/dhanujgumpella/jaswingumpella/repos/codevision/backend/api/target/surefire/surefirebooter-20251027110510339_3.jar /Users/dhanujgumpella/jaswingumpella/repos/codevision/backend/api/target/surefire 2025-10-27T11-05-08_941-jvmRun1 surefire-20251027110510339_1tmp surefire_0-20251027110510339_2tmp"/>
    <property name="http.nonProxyHosts" value="local|*.local|169.254/16|*.169.254/16"/>
    <property name="jdk.debug" value="release"/>
    <property name="surefire.test.class.path" value="/Users/dhanujgumpella/jaswingumpella/repos/codevision/backend/api/target/test-classes:/Users/dhanujgumpella/jaswingumpella/repos/codevision/backend/api/target/classes:/Users/dhanujgumpella/jaswingumpella/repos/codevision/backend/oasgen/target/codevision-oasgen-0.0.1-SNAPSHOT.jar:/Users/dhanujgumpella/.m2/repository/io/swagger/core/v3/swagger-annotations/2.2.21/swagger-annotations-2.2.21.jar:/Users/dhanujgumpella/.m2/repository/org/openapitools/jackson-databind-nullable/0.2.6/jackson-databind-nullable-0.2.6.jar:/Users/dhanujgumpella/.m2/repository/jakarta/validation/jakarta.validation-api/3.0.2/jakarta.validation-api-3.0.2.jar:/Users/dhanujgumpella/.m2/repository/jakarta/annotation/jakarta.annotation-api/2.1.1/jakarta.annotation-api-2.1.1.jar:/Users/dhanujgumpella/.m2/repository/org/springframework/boot/spring-boot-starter-web/3.2.5/spring-boot-starter-web-3.2.5.jar:/Users/dhanujgumpella/.m2/repository/org/springframework/boot/spring-boot-starter/3.2.5/spring-boot-starter-3.2.5.jar:/Users/dhanujgumpella/.m2/repository/org/springframework/boot/spring-boot/3.2.5/spring-boot-3.2.5.jar:/Users/dhanujgumpella/.m2/repository/org/springframework/boot/spring-boot-autoconfigure/3.2.5/spring-boot-autoconfigure-3.2.5.jar:/Users/dhanujgumpella/.m2/repository/org/springframework/boot/spring-boot-starter-logging/3.2.5/spring-boot-starter-logging-3.2.5.jar:/Users/dhanujgumpella/.m2/repository/ch/qos/logback/logback-classic/1.4.14/logback-classic-1.4.14.jar:/Users/dhanujgumpella/.m2/repository/ch/qos/logback/logback-core/1.4.14/logback-core-1.4.14.jar:/Users/dhanujgumpella/.m2/repository/org/apache/logging/log4j/log4j-to-slf4j/2.21.1/log4j-to-slf4j-2.21.1.jar:/Users/dhanujgumpella/.m2/repository/org/apache/logging/log4j/log4j-api/2.21.1/log4j-api-2.21.1.jar:/Users/dhanujgumpella/.m2/repository/org/slf4j/jul-to-slf4j/2.0.13/jul-to-slf4j-2.0.13.jar:/Users/dhanujgumpella/.m2/repository/org/springframework/boot/spring-boot-starter-json/3.2.5/spring-boot-starter-json-3.2.5.jar:/Users/dhanujgumpella/.m2/repository/com/fasterxml/jackson/datatype/jackson-datatype-jdk8/2.15.4/jackson-datatype-jdk8-2.15.4.jar:/Users/dhanujgumpella/.m2/repository/com/fasterxml/jackson/datatype/jackson-datatype-jsr310/2.15.4/jackson-datatype-jsr310-2.15.4.jar:/Users/dhanujgumpella/.m2/repository/com/fasterxml/jackson/module/jackson-module-parameter-names/2.15.4/jackson-module-parameter-names-2.15.4.jar:/Users/dhanujgumpella/.m2/repository/org/springframework/boot/spring-boot-starter-tomcat/3.2.5/spring-boot-starter-tomcat-3.2.5.jar:/Users/dhanujgumpella/.m2/repository/org/apache/tomcat/embed/tomcat-embed-core/10.1.20/tomcat-embed-core-10.1.20.jar:/Users/dhanujgumpella/.m2/repository/org/apache/tomcat/embed/tomcat-embed-websocket/10.1.20/tomcat-embed-websocket-10.1.20.jar:/Users/dhanujgumpella/.m2/repository/org/springframework/spring-web/6.1.6/spring-web-6.1.6.jar:/Users/dhanujgumpella/.m2/repository/org/springframework/spring-beans/6.1.6/spring-beans-6.1.6.jar:/Users/dhanujgumpella/.m2/repository/io/micrometer/micrometer-observation/1.12.5/micrometer-observation-1.12.5.jar:/Users/dhanujgumpella/.m2/repository/io/micrometer/micrometer-commons/1.12.5/micrometer-commons-1.12.5.jar:/Users/dhanujgumpella/.m2/repository/org/springframework/spring-webmvc/6.1.6/spring-webmvc-6.1.6.jar:/Users/dhanujgumpella/.m2/repository/org/springframework/spring-aop/6.1.6/spring-aop-6.1.6.jar:/Users/dhanujgumpella/.m2/repository/org/springframework/spring-context/6.1.6/spring-context-6.1.6.jar:/Users/dhanujgumpella/.m2/repository/org/springframework/spring-expression/6.1.6/spring-expression-6.1.6.jar:/Users/dhanujgumpella/.m2/repository/org/springframework/boot/spring-boot-starter-data-jpa/3.2.5/spring-boot-starter-data-jpa-3.2.5.jar:/Users/dhanujgumpella/.m2/repository/org/springframework/boot/spring-boot-starter-aop/3.2.5/spring-boot-starter-aop-3.2.5.jar:/Users/dhanujgumpella/.m2/repository/org/aspectj/aspectjweaver/1.9.22/aspectjweaver-1.9.22.jar:/Users/dhanujgumpella/.m2/repository/org/springframework/boot/spring-boot-starter-jdbc/3.2.5/spring-boot-starter-jdbc-3.2.5.jar:/Users/dhanujgumpella/.m2/repository/com/zaxxer/HikariCP/5.0.1/HikariCP-5.0.1.jar:/Users/dhanujgumpella/.m2/repository/org/springframework/spring-jdbc/6.1.6/spring-jdbc-6.1.6.jar:/Users/dhanujgumpella/.m2/repository/org/hibernate/orm/hibernate-core/6.4.4.Final/hibernate-core-6.4.4.Final.jar:/Users/dhanujgumpella/.m2/repository/jakarta/persistence/jakarta.persistence-api/3.1.0/jakarta.persistence-api-3.1.0.jar:/Users/dhanujgumpella/.m2/repository/jakarta/transaction/jakarta.transaction-api/2.0.1/jakarta.transaction-api-2.0.1.jar:/Users/dhanujgumpella/.m2/repository/org/jboss/logging/jboss-logging/3.5.3.Final/jboss-logging-3.5.3.Final.jar:/Users/dhanujgumpella/.m2/repository/org/hibernate/common/hibernate-commons-annotations/6.0.6.Final/hibernate-commons-annotations-6.0.6.Final.jar:/Users/dhanujgumpella/.m2/repository/io/smallrye/jandex/3.1.2/jandex-3.1.2.jar:/Users/dhanujgumpella/.m2/repository/com/fasterxml/classmate/1.6.0/classmate-1.6.0.jar:/Users/dhanujgumpella/.m2/repository/net/bytebuddy/byte-buddy/1.14.13/byte-buddy-1.14.13.jar:/Users/dhanujgumpella/.m2/repository/org/glassfish/jaxb/jaxb-runtime/4.0.5/jaxb-runtime-4.0.5.jar:/Users/dhanujgumpella/.m2/repository/org/glassfish/jaxb/jaxb-core/4.0.5/jaxb-core-4.0.5.jar:/Users/dhanujgumpella/.m2/repository/org/eclipse/angus/angus-activation/2.0.2/angus-activation-2.0.2.jar:/Users/dhanujgumpella/.m2/repository/org/glassfish/jaxb/txw2/4.0.5/txw2-4.0.5.jar:/Users/dhanujgumpella/.m2/repository/com/sun/istack/istack-commons-runtime/4.1.2/istack-commons-runtime-4.1.2.jar:/Users/dhanujgumpella/.m2/repository/jakarta/inject/jakarta.inject-api/2.0.1/jakarta.inject-api-2.0.1.jar:/Users/dhanujgumpella/.m2/repository/org/antlr/antlr4-runtime/4.13.0/antlr4-runtime-4.13.0.jar:/Users/dhanujgumpella/.m2/repository/org/springframework/data/spring-data-jpa/3.2.5/spring-data-jpa-3.2.5.jar:/Users/dhanujgumpella/.m2/repository/org/springframework/data/spring-data-commons/3.2.5/spring-data-commons-3.2.5.jar:/Users/dhanujgumpella/.m2/repository/org/springframework/spring-orm/6.1.6/spring-orm-6.1.6.jar:/Users/dhanujgumpella/.m2/repository/org/springframework/spring-tx/6.1.6/spring-tx-6.1.6.jar:/Users/dhanujgumpella/.m2/repository/org/springframework/spring-aspects/6.1.6/spring-aspects-6.1.6.jar:/Users/dhanujgumpella/.m2/repository/org/springframework/boot/spring-boot-starter-validation/3.2.5/spring-boot-starter-validation-3.2.5.jar:/Users/dhanujgumpella/.m2/repository/org/apache/tomcat/embed/tomcat-embed-el/10.1.20/tomcat-embed-el-10.1.20.jar:/Users/dhanujgumpella/.m2/repository/org/hibernate/validator/hibernate-validator/8.0.1.Final/hibernate-validator-8.0.1.Final.jar:/Users/dhanujgumpella/.m2/repository/com/h2database/h2/2.2.224/h2-2.2.224.jar:/Users/dhanujgumpella/.m2/repository/org/eclipse/jgit/org.eclipse.jgit/6.8.0.202311291450-r/org.eclipse.jgit-6.8.0.202311291450-r.jar:/Users/dhanujgumpella/.m2/repository/com/googlecode/javaewah/JavaEWAH/1.2.3/JavaEWAH-1.2.3.jar:/Users/dhanujgumpella/.m2/repository/org/slf4j/slf4j-api/2.0.13/slf4j-api-2.0.13.jar:/Users/dhanujgumpella/.m2/repository/commons-codec/commons-codec/1.16.1/commons-codec-1.16.1.jar:/Users/dhanujgumpella/.m2/repository/com/github/javaparser/javaparser-symbol-solver-core/3.25.10/javaparser-symbol-solver-core-3.25.10.jar:/Users/dhanujgumpella/.m2/repository/com/github/javaparser/javaparser-core/3.25.10/javaparser-core-3.25.10.jar:/Users/dhanujgumpella/.m2/repository/org/javassist/javassist/3.30.2-GA/javassist-3.30.2-GA.jar:/Users/dhanujgumpella/.m2/repository/com/google/guava/guava/33.1.0-jre/guava-33.1.0-jre.jar:/Users/dhanujgumpella/.m2/repository/com/google/guava/failureaccess/1.0.2/failureaccess-1.0.2.jar:/Users/dhanujgumpella/.m2/repository/com/google/guava/listenablefuture/9999.0-empty-to-avoid-conflict-with-guava/listenablefuture-9999.0-empty-to-avoid-conflict-with-guava.jar:/Users/dhanujgumpella/.m2/repository/com/google/code/findbugs/jsr305/3.0.2/jsr305-3.0.2.jar:/Users/dhanujgumpella/.m2/repository/org/checkerframework/checker-qual/3.42.0/checker-qual-3.42.0.jar:/Users/dhanujgumpella/.m2/repository/com/google/errorprone/error_prone_annotations/2.26.1/error_prone_annotations-2.26.1.jar:/Users/dhanujgumpella/.m2/repository/com/google/j2objc/j2objc-annotations/3.0.0/j2objc-annotations-3.0.0.jar:/Users/dhanujgumpella/.m2/repository/org/apache/maven/maven-model/3.9.6/maven-model-3.9.6.jar:/Users/dhanujgumpella/.m2/repository/org/codehaus/plexus/plexus-utils/3.5.1/plexus-utils-3.5.1.jar:/Users/dhanujgumpella/.m2/repository/com/fasterxml/jackson/dataformat/jackson-dataformat-yaml/2.15.4/jackson-dataformat-yaml-2.15.4.jar:/Users/dhanujgumpella/.m2/repository/com/fasterxml/jackson/core/jackson-databind/2.15.4/jackson-databind-2.15.4.jar:/Users/dhanujgumpella/.m2/repository/com/fasterxml/jackson/core/jackson-annotations/2.15.4/jackson-annotations-2.15.4.jar:/Users/dhanujgumpella/.m2/repository/org/yaml/snakeyaml/2.2/snakeyaml-2.2.jar:/Users/dhanujgumpella/.m2/repository/com/fasterxml/jackson/core/jackson-core/2.15.4/jackson-core-2.15.4.jar:/Users/dhanujgumpella/.m2/repository/xmlpull/xmlpull/1.1.3.1/xmlpull-1.1.3.1.jar:/Users/dhanujgumpella/.m2/repository/org/projectlombok/lombok/1.18.32/lombok-1.18.32.jar:/Users/dhanujgumpella/.m2/repository/org/springframework/boot/spring-boot-starter-test/3.2.5/spring-boot-starter-test-3.2.5.jar:/Users/dhanujgumpella/.m2/repository/org/springframework/boot/spring-boot-test/3.2.5/spring-boot-test-3.2.5.jar:/Users/dhanujgumpella/.m2/repository/org/springframework/boot/spring-boot-test-autoconfigure/3.2.5/spring-boot-test-autoconfigure-3.2.5.jar:/Users/dhanujgumpella/.m2/repository/com/jayway/jsonpath/json-path/2.9.0/json-path-2.9.0.jar:/Users/dhanujgumpella/.m2/repository/jakarta/xml/bind/jakarta.xml.bind-api/4.0.2/jakarta.xml.bind-api-4.0.2.jar:/Users/dhanujgumpella/.m2/repository/jakarta/activation/jakarta.activation-api/2.1.3/jakarta.activation-api-2.1.3.jar:/Users/dhanujgumpella/.m2/repository/net/minidev/json-smart/2.5.1/json-smart-2.5.1.jar:/Users/dhanujgumpella/.m2/repository/net/minidev/accessors-smart/2.5.1/accessors-smart-2.5.1.jar:/Users/dhanujgumpella/.m2/repository/org/ow2/asm/asm/9.6/asm-9.6.jar:/Users/dhanujgumpella/.m2/repository/org/assertj/assertj-core/3.24.2/assertj-core-3.24.2.jar:/Users/dhanujgumpella/.m2/repository/org/awaitility/awaitility/4.2.1/awaitility-4.2.1.jar:/Users/dhanujgumpella/.m2/repository/org/hamcrest/hamcrest/2.2/hamcrest-2.2.jar:/Users/dhanujgumpella/.m2/repository/org/junit/jupiter/junit-jupiter/5.10.2/junit-jupiter-5.10.2.jar:/Users/dhanujgumpella/.m2/repository/org/junit/jupiter/junit-jupiter-api/5.10.2/junit-jupiter-api-5.10.2.jar:/Users/dhanujgumpella/.m2/repository/org/opentest4j/opentest4j/1.3.0/opentest4j-1.3.0.jar:/Users/dhanujgumpella/.m2/repository/org/junit/platform/junit-platform-commons/1.10.2/junit-platform-commons-1.10.2.jar:/Users/dhanujgumpella/.m2/repository/org/apiguardian/apiguardian-api/1.1.2/apiguardian-api-1.1.2.jar:/Users/dhanujgumpella/.m2/repository/org/junit/jupiter/junit-jupiter-params/5.10.2/junit-jupiter-params-5.10.2.jar:/Users/dhanujgumpella/.m2/repository/org/junit/jupiter/junit-jupiter-engine/5.10.2/junit-jupiter-engine-5.10.2.jar:/Users/dhanujgumpella/.m2/repository/org/junit/platform/junit-platform-engine/1.10.2/junit-platform-engine-1.10.2.jar:/Users/dhanujgumpella/.m2/repository/org/mockito/mockito-core/5.7.0/mockito-core-5.7.0.jar:/Users/dhanujgumpella/.m2/repository/net/bytebuddy/byte-buddy-agent/1.14.13/byte-buddy-agent-1.14.13.jar:/Users/dhanujgumpella/.m2/repository/org/objenesis/objenesis/3.3/objenesis-3.3.jar:/Users/dhanujgumpella/.m2/repository/org/mockito/mockito-junit-jupiter/5.7.0/mockito-junit-jupiter-5.7.0.jar:/Users/dhanujgumpella/.m2/repository/org/skyscreamer/jsonassert/1.5.1/jsonassert-1.5.1.jar:/Users/dhanujgumpella/.m2/repository/com/vaadin/external/google/android-json/0.0.20131108.vaadin1/android-json-0.0.20131108.vaadin1.jar:/Users/dhanujgumpella/.m2/repository/org/springframework/spring-core/6.1.6/spring-core-6.1.6.jar:/Users/dhanujgumpella/.m2/repository/org/springframework/spring-jcl/6.1.6/spring-jcl-6.1.6.jar:/Users/dhanujgumpella/.m2/repository/org/springframework/spring-test/6.1.6/spring-test-6.1.6.jar:/Users/dhanujgumpella/.m2/repository/org/xmlunit/xmlunit-core/2.9.1/xmlunit-core-2.9.1.jar:"/>
    <property name="sun.cpu.endian" value="little"/>
    <property name="user.home" value="/Users/dhanujgumpella"/>
    <property name="user.language" value="en"/>
    <property name="java.specification.vendor" value="Oracle Corporation"/>
    <property name="java.version.date" value="2025-01-21"/>
    <property name="java.home" value="/opt/homebrew/Cellar/openjdk/23.0.2/libexec/openjdk.jdk/Contents/Home"/>
    <property name="file.separator" value="/"/>
    <property name="basedir" value="/Users/dhanujgumpella/jaswingumpella/repos/codevision/backend/api"/>
    <property name="java.vm.compressedOopsMode" value="Zero based"/>
    <property name="line.separator" value="&#10;"/>
    <property name="java.vm.specification.vendor" value="Oracle Corporation"/>
    <property name="java.specification.name" value="Java Platform API Specification"/>
    <property name="FILE_LOG_CHARSET" value="UTF-8"/>
    <property name="java.awt.headless" value="true"/>
    <property name="apple.awt.application.name" value="ForkedBooter"/>
    <property name="surefire.real.class.path" value="/Users/dhanujgumpella/jaswingumpella/repos/codevision/backend/api/target/surefire/surefirebooter-20251027110510339_3.jar"/>
    <property name="sun.management.compiler" value="HotSpot 64-Bit Tiered Compilers"/>
    <property name="ftp.nonProxyHosts" value="local|*.local|169.254/16|*.169.254/16"/>
    <property name="java.runtime.version" value="23.0.2"/>
    <property name="user.name" value="dhanujgumpella"/>
    <property name="stdout.encoding" value="UTF-8"/>
    <property name="path.separator" value=":"/>
    <property name="os.version" value="15.6.1"/>
    <property name="java.runtime.name" value="OpenJDK Runtime Environment"/>
    <property name="file.encoding" value="UTF-8"/>
    <property name="java.vm.name" value="OpenJDK 64-Bit Server VM"/>
    <property name="java.vendor.version" value="Homebrew"/>
    <property name="localRepository" value="/Users/dhanujgumpella/.m2/repository"/>
    <property name="java.vendor.url.bug" value="https://github.com/Homebrew/homebrew-core/issues"/>
    <property name="java.io.tmpdir" value="/var/folders/f_/0kdyj9nn12sd922rpyg84cqc0000gn/T/"/>
    <property name="java.version" value="23.0.2"/>
    <property name="user.dir" value="/Users/dhanujgumpella/jaswingumpella/repos/codevision/backend/api"/>
    <property name="os.arch" value="aarch64"/>
    <property name="java.vm.specification.name" value="Java Virtual Machine Specification"/>
    <property name="PID" value="25145"/>
    <property name="CONSOLE_LOG_CHARSET" value="UTF-8"/>
    <property name="native.encoding" value="UTF-8"/>
    <property name="java.library.path" value="/Users/dhanujgumpella/Library/Java/Extensions:/Library/Java/Extensions:/Network/Library/Java/Extensions:/System/Library/Java/Extensions:/usr/lib/java:."/>
    <property name="java.vm.info" value="mixed mode, sharing"/>
    <property name="stderr.encoding" value="UTF-8"/>
    <property name="java.vendor" value="Homebrew"/>
    <property name="java.vm.version" value="23.0.2"/>
    <property name="sun.io.unicode.encoding" value="UnicodeBig"/>
    <property name="socksNonProxyHosts" value="local|*.local|169.254/16|*.169.254/16"/>
    <property name="java.class.version" value="67.0"/>
    <property name="LOGGED_APPLICATION_NAME" value="[codevision-backend] "/>
  </properties>
  <testcase name="saveSnapshotResolvesDetachedProjectByRepoUrl" classname="com.codevision.codevisionbackend.project.ProjectSnapshotServiceTest" time="0.097">
    <system-out><![CDATA[11:05:11.228 [main] INFO org.springframework.test.context.support.AnnotationConfigContextLoaderUtils -- Could not detect default configuration classes for test class [com.codevision.codevisionbackend.project.ProjectSnapshotServiceTest]: ProjectSnapshotServiceTest does not declare any static, non-private, non-final, nested classes annotated with @Configuration.
11:05:11.280 [main] INFO org.springframework.boot.test.context.SpringBootTestContextBootstrapper -- Found @SpringBootConfiguration com.codevision.codevisionbackend.CodevisionBackendApplication for test class com.codevision.codevisionbackend.project.ProjectSnapshotServiceTest

  .   ____          _            __ _ _
 /\\ / ___'_ __ _ _(_)_ __  __ _ \ \ \ \
( ( )\___ | '_ | '_| | '_ \/ _` | \ \ \ \
 \\/  ___)| |_)| | | | | || (_| |  ) ) ) )
  '  |____| .__|_| |_|_| |_\__, | / / / /
 =========|_|==============|___/=/_/_/_/
&amp#27;[32m :: Spring Boot :: &amp#27;[39m              &amp#27;[2m (v3.2.5)&amp#27;[0;39m

&amp#27;[2m2025-10-27T11:05:11.426-04:00&amp#27;[0;39m &amp#27;[32m INFO&amp#27;[0;39m &amp#27;[35m25145&amp#27;[0;39m &amp#27;[2m---&amp#27;[0;39m &amp#27;[2m[codevision-backend] [           main]&amp#27;[0;39m &amp#27;[2m&amp#27;[0;39m&amp#27;[36mc.c.c.p.ProjectSnapshotServiceTest      &amp#27;[0;39m &amp#27;[2m:&amp#27;[0;39m Starting ProjectSnapshotServiceTest using Java 23.0.2 with PID 25145 (started by dhanujgumpella in /Users/dhanujgumpella/jaswingumpella/repos/codevision/backend/api)
&amp#27;[2m2025-10-27T11:05:11.427-04:00&amp#27;[0;39m &amp#27;[32m INFO&amp#27;[0;39m &amp#27;[35m25145&amp#27;[0;39m &amp#27;[2m---&amp#27;[0;39m &amp#27;[2m[codevision-backend] [           main]&amp#27;[0;39m &amp#27;[2m&amp#27;[0;39m&amp#27;[36mc.c.c.p.ProjectSnapshotServiceTest      &amp#27;[0;39m &amp#27;[2m:&amp#27;[0;39m No active profile set, falling back to 1 default profile: "default"
&amp#27;[2m2025-10-27T11:05:11.571-04:00&amp#27;[0;39m &amp#27;[32m INFO&amp#27;[0;39m &amp#27;[35m25145&amp#27;[0;39m &amp#27;[2m---&amp#27;[0;39m &amp#27;[2m[codevision-backend] [           main]&amp#27;[0;39m &amp#27;[2m&amp#27;[0;39m&amp#27;[36m.s.d.r.c.RepositoryConfigurationDelegate&amp#27;[0;39m &amp#27;[2m:&amp#27;[0;39m Bootstrapping Spring Data JPA repositories in DEFAULT mode.
&amp#27;[2m2025-10-27T11:05:11.593-04:00&amp#27;[0;39m &amp#27;[32m INFO&amp#27;[0;39m &amp#27;[35m25145&amp#27;[0;39m &amp#27;[2m---&amp#27;[0;39m &amp#27;[2m[codevision-backend] [           main]&amp#27;[0;39m &amp#27;[2m&amp#27;[0;39m&amp#27;[36m.s.d.r.c.RepositoryConfigurationDelegate&amp#27;[0;39m &amp#27;[2m:&amp#27;[0;39m Finished Spring Data repository scanning in 18 ms. Found 5 JPA repository interfaces.
&amp#27;[2m2025-10-27T11:05:11.613-04:00&amp#27;[0;39m &amp#27;[32m INFO&amp#27;[0;39m &amp#27;[35m25145&amp#27;[0;39m &amp#27;[2m---&amp#27;[0;39m &amp#27;[2m[codevision-backend] [           main]&amp#27;[0;39m &amp#27;[2m&amp#27;[0;39m&amp#27;[36mbeddedDataSourceBeanFactoryPostProcessor&amp#27;[0;39m &amp#27;[2m:&amp#27;[0;39m Replacing 'dataSource' DataSource bean with embedded version
&amp#27;[2m2025-10-27T11:05:11.669-04:00&amp#27;[0;39m &amp#27;[32m INFO&amp#27;[0;39m &amp#27;[35m25145&amp#27;[0;39m &amp#27;[2m---&amp#27;[0;39m &amp#27;[2m[codevision-backend] [           main]&amp#27;[0;39m &amp#27;[2m&amp#27;[0;39m&amp#27;[36mo.s.j.d.e.EmbeddedDatabaseFactory       &amp#27;[0;39m &amp#27;[2m:&amp#27;[0;39m Starting embedded database: url='jdbc:h2:mem:5d566bd7-a092-4cf8-95c6-2cb149fa945f;DB_CLOSE_DELAY=-1;DB_CLOSE_ON_EXIT=false', username='sa'
&amp#27;[2m2025-10-27T11:05:11.771-04:00&amp#27;[0;39m &amp#27;[32m INFO&amp#27;[0;39m &amp#27;[35m25145&amp#27;[0;39m &amp#27;[2m---&amp#27;[0;39m &amp#27;[2m[codevision-backend] [           main]&amp#27;[0;39m &amp#27;[2m&amp#27;[0;39m&amp#27;[36mo.hibernate.jpa.internal.util.LogHelper &amp#27;[0;39m &amp#27;[2m:&amp#27;[0;39m HHH000204: Processing PersistenceUnitInfo [name: default]
&amp#27;[2m2025-10-27T11:05:11.800-04:00&amp#27;[0;39m &amp#27;[32m INFO&amp#27;[0;39m &amp#27;[35m25145&amp#27;[0;39m &amp#27;[2m---&amp#27;[0;39m &amp#27;[2m[codevision-backend] [           main]&amp#27;[0;39m &amp#27;[2m&amp#27;[0;39m&amp#27;[36morg.hibernate.Version                   &amp#27;[0;39m &amp#27;[2m:&amp#27;[0;39m HHH000412: Hibernate ORM core version 6.4.4.Final
&amp#27;[2m2025-10-27T11:05:11.815-04:00&amp#27;[0;39m &amp#27;[32m INFO&amp#27;[0;39m &amp#27;[35m25145&amp#27;[0;39m &amp#27;[2m---&amp#27;[0;39m &amp#27;[2m[codevision-backend] [           main]&amp#27;[0;39m &amp#27;[2m&amp#27;[0;39m&amp#27;[36mo.h.c.internal.RegionFactoryInitiator   &amp#27;[0;39m &amp#27;[2m:&amp#27;[0;39m HHH000026: Second-level cache disabled
&amp#27;[2m2025-10-27T11:05:11.853-04:00&amp#27;[0;39m &amp#27;[32m INFO&amp#27;[0;39m &amp#27;[35m25145&amp#27;[0;39m &amp#27;[2m---&amp#27;[0;39m &amp#27;[2m[codevision-backend] [           main]&amp#27;[0;39m &amp#27;[2m&amp#27;[0;39m&amp#27;[36mo.s.o.j.p.SpringPersistenceUnitInfo     &amp#27;[0;39m &amp#27;[2m:&amp#27;[0;39m No LoadTimeWeaver setup: ignoring JPA class transformer
&amp#27;[2m2025-10-27T11:05:12.157-04:00&amp#27;[0;39m &amp#27;[32m INFO&amp#27;[0;39m &amp#27;[35m25145&amp#27;[0;39m &amp#27;[2m---&amp#27;[0;39m &amp#27;[2m[codevision-backend] [           main]&amp#27;[0;39m &amp#27;[2m&amp#27;[0;39m&amp#27;[36mo.h.e.t.j.p.i.JtaPlatformInitiator      &amp#27;[0;39m &amp#27;[2m:&amp#27;[0;39m HHH000489: No JTA platform available (set 'hibernate.transaction.jta.platform' to enable JTA platform integration)
Hibernate: create table api_endpoint (id bigint generated by default as identity, controller_class varchar(512) not null, controller_method varchar(512), http_method varchar(255), path_or_operation varchar(512) not null, protocol varchar(255) not null, spec_artifacts_json CLOB, project_id bigint not null, primary key (id))
Hibernate: create table asset_image (id bigint generated by default as identity, file_name varchar(255) not null, relative_path varchar(1024) not null, sha256 varchar(64), size_bytes bigint not null, project_id bigint not null, primary key (id))
Hibernate: create table class_metadata (id bigint generated by default as identity, annotations_json CLOB, class_name varchar(255) not null, fully_qualified_name varchar(255) not null, interfaces_json CLOB, package_name varchar(255), relative_path varchar(255), source_set varchar(255) not null, stereotype varchar(255) not null, user_code boolean not null, project_id bigint not null, primary key (id))
Hibernate: create table project (id bigint generated by default as identity, build_artifact_id varchar(255), build_group_id varchar(255), build_java_version varchar(255), build_version varchar(255), last_analyzed_at timestamp(6) with time zone not null, project_name varchar(255) not null, repo_url varchar(255) not null, primary key (id))
Hibernate: create table project_snapshot (project_id bigint not null, created_at timestamp(6) with time zone not null, project_name varchar(255) not null, repo_url varchar(255) not null, snapshot_json CLOB not null, primary key (project_id))
Hibernate: alter table if exists project drop constraint if exists UK_fply2dgvbfr1x2k6s9w4hcr3v
Hibernate: alter table if exists project add constraint UK_fply2dgvbfr1x2k6s9w4hcr3v unique (repo_url)
Hibernate: alter table if exists api_endpoint add constraint FKdimsev0cmjngfevwfhjg51aa7 foreign key (project_id) references project
Hibernate: alter table if exists asset_image add constraint FK38fk3qiw3jw0l4vs2o80p59gj foreign key (project_id) references project
Hibernate: alter table if exists class_metadata add constraint FK5w35a8mw6nd1jbsxjvknkquke foreign key (project_id) references project
&amp#27;[2m2025-10-27T11:05:12.181-04:00&amp#27;[0;39m &amp#27;[32m INFO&amp#27;[0;39m &amp#27;[35m25145&amp#27;[0;39m &amp#27;[2m---&amp#27;[0;39m &amp#27;[2m[codevision-backend] [           main]&amp#27;[0;39m &amp#27;[2m&amp#27;[0;39m&amp#27;[36mj.LocalContainerEntityManagerFactoryBean&amp#27;[0;39m &amp#27;[2m:&amp#27;[0;39m Initialized JPA EntityManagerFactory for persistence unit 'default'
&amp#27;[2m2025-10-27T11:05:12.284-04:00&amp#27;[0;39m &amp#27;[32m INFO&amp#27;[0;39m &amp#27;[35m25145&amp#27;[0;39m &amp#27;[2m---&amp#27;[0;39m &amp#27;[2m[codevision-backend] [           main]&amp#27;[0;39m &amp#27;[2m&amp#27;[0;39m&amp#27;[36mo.s.d.j.r.query.QueryEnhancerFactory    &amp#27;[0;39m &amp#27;[2m:&amp#27;[0;39m Hibernate is in classpath; If applicable, HQL parser will be used.
&amp#27;[2m2025-10-27T11:05:12.505-04:00&amp#27;[0;39m &amp#27;[32m INFO&amp#27;[0;39m &amp#27;[35m25145&amp#27;[0;39m &amp#27;[2m---&amp#27;[0;39m &amp#27;[2m[codevision-backend] [           main]&amp#27;[0;39m &amp#27;[2m&amp#27;[0;39m&amp#27;[36mc.c.c.p.ProjectSnapshotServiceTest      &amp#27;[0;39m &amp#27;[2m:&amp#27;[0;39m Started ProjectSnapshotServiceTest in 1.2 seconds (process running for 2.134)
Hibernate: insert into project (build_artifact_id,build_group_id,build_java_version,build_version,last_analyzed_at,project_name,repo_url,id) values (?,?,?,?,?,?,?,default)
Hibernate: select p1_0.id,p1_0.build_artifact_id,p1_0.build_group_id,p1_0.build_java_version,p1_0.build_version,p1_0.last_analyzed_at,p1_0.project_name,p1_0.repo_url from project p1_0 where p1_0.repo_url=?
Hibernate: select ps1_0.project_id,ps1_0.created_at,ps1_0.project_name,ps1_0.repo_url,ps1_0.snapshot_json from project_snapshot ps1_0 where ps1_0.project_id=?
Hibernate: insert into project_snapshot (created_at,project_name,repo_url,snapshot_json,project_id) values (?,?,?,?,?)
&amp#27;[2m2025-10-27T11:05:12.602-04:00&amp#27;[0;39m &amp#27;[32m INFO&amp#27;[0;39m &amp#27;[35m25145&amp#27;[0;39m &amp#27;[2m---&amp#27;[0;39m &amp#27;[2m[codevision-backend] [           main]&amp#27;[0;39m &amp#27;[2m&amp#27;[0;39m&amp#27;[36mc.c.c.project.ProjectSnapshotService    &amp#27;[0;39m &amp#27;[2m:&amp#27;[0;39m Snapshot persisted for projectId=1 at 2025-10-27T11:05:12.595496-04:00
]]></system-out>
  </testcase>
  <testcase name="fetchSnapshotEnrichesClassesFromStoredMetadata" classname="com.codevision.codevisionbackend.project.ProjectSnapshotServiceTest" time="0.034">
    <system-out><![CDATA[Hibernate: insert into project (build_artifact_id,build_group_id,build_java_version,build_version,last_analyzed_at,project_name,repo_url,id) values (?,?,?,?,?,?,?,default)
Hibernate: insert into class_metadata (annotations_json,class_name,fully_qualified_name,interfaces_json,package_name,project_id,relative_path,source_set,stereotype,user_code,id) values (?,?,?,?,?,?,?,?,?,?,default)
Hibernate: select ps1_0.project_id,ps1_0.created_at,ps1_0.project_name,ps1_0.repo_url,ps1_0.snapshot_json from project_snapshot ps1_0 where ps1_0.project_id=?
Hibernate: insert into project_snapshot (created_at,project_name,repo_url,snapshot_json,project_id) values (?,?,?,?,?)
&amp#27;[2m2025-10-27T11:05:12.616-04:00&amp#27;[0;39m &amp#27;[32m INFO&amp#27;[0;39m &amp#27;[35m25145&amp#27;[0;39m &amp#27;[2m---&amp#27;[0;39m &amp#27;[2m[codevision-backend] [           main]&amp#27;[0;39m &amp#27;[2m&amp#27;[0;39m&amp#27;[36mc.c.c.project.ProjectSnapshotService    &amp#27;[0;39m &amp#27;[2m:&amp#27;[0;39m Snapshot persisted for projectId=2 at 2025-10-27T11:05:12.615363-04:00
Hibernate: select cm1_0.id,cm1_0.annotations_json,cm1_0.class_name,cm1_0.fully_qualified_name,cm1_0.interfaces_json,cm1_0.package_name,cm1_0.project_id,cm1_0.relative_path,cm1_0.source_set,cm1_0.stereotype,cm1_0.user_code from class_metadata cm1_0 join project p1_0 on p1_0.id=cm1_0.project_id where p1_0.id=?
]]></system-out>
  </testcase>
  <testcase name="deleteSnapshotRemovesExistingEntry" classname="com.codevision.codevisionbackend.project.ProjectSnapshotServiceTest" time="0.042">
    <system-out><![CDATA[Hibernate: insert into project (build_artifact_id,build_group_id,build_java_version,build_version,last_analyzed_at,project_name,repo_url,id) values (?,?,?,?,?,?,?,default)
Hibernate: select ps1_0.project_id,ps1_0.created_at,ps1_0.project_name,ps1_0.repo_url,ps1_0.snapshot_json from project_snapshot ps1_0 where ps1_0.project_id=?
Hibernate: insert into project_snapshot (created_at,project_name,repo_url,snapshot_json,project_id) values (?,?,?,?,?)
&amp#27;[2m2025-10-27T11:05:12.649-04:00&amp#27;[0;39m &amp#27;[32m INFO&amp#27;[0;39m &amp#27;[35m25145&amp#27;[0;39m &amp#27;[2m---&amp#27;[0;39m &amp#27;[2m[codevision-backend] [           main]&amp#27;[0;39m &amp#27;[2m&amp#27;[0;39m&amp#27;[36mc.c.c.project.ProjectSnapshotService    &amp#27;[0;39m &amp#27;[2m:&amp#27;[0;39m Snapshot persisted for projectId=3 at 2025-10-27T11:05:12.648274-04:00
Hibernate: select count(*) from project_snapshot ps1_0
&amp#27;[2m2025-10-27T11:05:12.679-04:00&amp#27;[0;39m &amp#27;[32m INFO&amp#27;[0;39m &amp#27;[35m25145&amp#27;[0;39m &amp#27;[2m---&amp#27;[0;39m &amp#27;[2m[codevision-backend] [           main]&amp#27;[0;39m &amp#27;[2m&amp#27;[0;39m&amp#27;[36mc.c.c.project.ProjectSnapshotService    &amp#27;[0;39m &amp#27;[2m:&amp#27;[0;39m Deleted snapshot for projectId=3
Hibernate: delete from project_snapshot where project_id=?
Hibernate: select count(*) from project_snapshot ps1_0
]]></system-out>
  </testcase>
  <testcase name="saveSnapshotPersistsSnapshotForManagedProject" classname="com.codevision.codevisionbackend.project.ProjectSnapshotServiceTest" time="0.013">
    <system-out><![CDATA[Hibernate: insert into project (build_artifact_id,build_group_id,build_java_version,build_version,last_analyzed_at,project_name,repo_url,id) values (?,?,?,?,?,?,?,default)
Hibernate: select ps1_0.project_id,ps1_0.created_at,ps1_0.project_name,ps1_0.repo_url,ps1_0.snapshot_json from project_snapshot ps1_0 where ps1_0.project_id=?
Hibernate: insert into project_snapshot (created_at,project_name,repo_url,snapshot_json,project_id) values (?,?,?,?,?)
&amp#27;[2m2025-10-27T11:05:12.689-04:00&amp#27;[0;39m &amp#27;[32m INFO&amp#27;[0;39m &amp#27;[35m25145&amp#27;[0;39m &amp#27;[2m---&amp#27;[0;39m &amp#27;[2m[codevision-backend] [           main]&amp#27;[0;39m &amp#27;[2m&amp#27;[0;39m&amp#27;[36mc.c.c.project.ProjectSnapshotService    &amp#27;[0;39m &amp#27;[2m:&amp#27;[0;39m Snapshot persisted for projectId=4 at 2025-10-27T11:05:12.689139-04:00
Hibernate: update project_snapshot set created_at=?,project_name=?,repo_url=?,snapshot_json=? where project_id=?
&amp#27;[2m2025-10-27T11:05:12.693-04:00&amp#27;[0;39m &amp#27;[32m INFO&amp#27;[0;39m &amp#27;[35m25145&amp#27;[0;39m &amp#27;[2m---&amp#27;[0;39m &amp#27;[2m[codevision-backend] [           main]&amp#27;[0;39m &amp#27;[2m&amp#27;[0;39m&amp#27;[36mc.c.c.project.ProjectSnapshotService    &amp#27;[0;39m &amp#27;[2m:&amp#27;[0;39m Snapshot persisted for projectId=4 at 2025-10-27T11:05:12.690292-04:00
Hibernate: select count(*) from project_snapshot ps1_0
]]></system-out>
  </testcase>
  <testcase name="directRepositoryInsertAssignsProjectId" classname="com.codevision.codevisionbackend.project.ProjectSnapshotServiceTest" time="0.004">
    <system-out><![CDATA[Hibernate: insert into project (build_artifact_id,build_group_id,build_java_version,build_version,last_analyzed_at,project_name,repo_url,id) values (?,?,?,?,?,?,?,default)
Hibernate: insert into project_snapshot (created_at,project_name,repo_url,snapshot_json,project_id) values (?,?,?,?,?)
]]></system-out>
  </testcase>
</testsuite>